[handleMsg]:  Message {
  _data: {
    id: {
      fromMe: false,
      remote: '573184641571@c.us',
      id: '7F5A1A7387D72DAF6636207078CAC261',
      _serialized: 'false_573184641571@c.us_7F5A1A7387D72DAF6636207078CAC261'
    },
    body: 'Hola',
    type: 'chat',
    t: 1679523633,
    notifyName: 'Jose Najera',
    from: '573184641571@c.us',
    to: '573009443103@c.us',
    self: 'in',
    ack: 1,
    isNewMsg: true,
    star: false,
    kicNotified: false,
    recvFresh: true,
    isFromTemplate: false,
    pollInvalidated: false,
    isSentCagPollCreation: false,
    latestEditMsgKey: null,
    latestEditSenderTimestampMs: null,
    broadcast: false,
    mentionedJidList: [],
    groupMentions: [],
    isVcardOverMmsDocument: false,
    isForwarded: false,
    labels: [],
    hasReaction: false,
    productHeaderImageRejected: false,
    lastPlaybackProgress: 0,
    isDynamicReplyButtonsMsg: false,
    isMdHistoryMsg: false,
    stickerSentTs: 0,
    isAvatar: false,
    requiresDirectConnection: false,
    isEphemeral: false,
    isStatusV3: false,
    links: []
  },
  mediaKey: undefined,
  id: {
    fromMe: false,
    remote: '573184641571@c.us',
    id: '7F5A1A7387D72DAF6636207078CAC261',
    _serialized: 'false_573184641571@c.us_7F5A1A7387D72DAF6636207078CAC261'
  },
  ack: 1,
  hasMedia: false,
  body: 'Hola',
  type: 'chat',
  timestamp: 1679523633,
  from: '573184641571',
  to: '573009443103@c.us',
  author: undefined,
  deviceType: 'android',
  isForwarded: false,
  forwardingScore: 0,
  isStatus: false,
  isStarred: false,
  broadcast: false,
  fromMe: false,
  hasQuotedMsg: false,
  duration: undefined,
  location: undefined,
  vCards: [],
  inviteV4: undefined,
  mentionedIds: [],
  orderId: undefined,
  token: undefined,
  isGif: false,
  isEphemeral: false,
  links: []
}
[handleMsg]:  Message {
  _data: {
    id: {
      fromMe: false,
      remote: '573184641571@c.us',
      id: '33B43AA307773DBA94D236AFCAA57F52',
      _serialized: 'false_573184641571@c.us_33B43AA307773DBA94D236AFCAA57F52'
    },
    body: '2',
    type: 'chat',
    t: 1679523636,
    notifyName: 'Jose Najera',
    from: '573184641571@c.us',
    to: '573009443103@c.us',
    self: 'in',
    ack: 1,
    isNewMsg: true,
    star: false,
    kicNotified: false,
    recvFresh: true,
    isFromTemplate: false,
    pollInvalidated: false,
    isSentCagPollCreation: false,
    latestEditMsgKey: null,
    latestEditSenderTimestampMs: null,
    broadcast: false,
    mentionedJidList: [],
    groupMentions: [],
    isVcardOverMmsDocument: false,
    isForwarded: false,
    labels: [],
    hasReaction: false,
    productHeaderImageRejected: false,
    lastPlaybackProgress: 0,
    isDynamicReplyButtonsMsg: false,
    isMdHistoryMsg: false,
    stickerSentTs: 0,
    isAvatar: false,
    requiresDirectConnection: false,
    isEphemeral: false,
    isStatusV3: false,
    links: []
  },
  mediaKey: undefined,
  id: {
    fromMe: false,
    remote: '573184641571@c.us',
    id: '33B43AA307773DBA94D236AFCAA57F52',
    _serialized: 'false_573184641571@c.us_33B43AA307773DBA94D236AFCAA57F52'
  },
  ack: 1,
  hasMedia: false,
  body: '2',
  type: 'chat',
  timestamp: 1679523636,
  from: '573184641571',
  to: '573009443103@c.us',
  author: undefined,
  deviceType: 'android',
  isForwarded: false,
  forwardingScore: 0,
  isStatus: false,
  isStarred: false,
  broadcast: false,
  fromMe: false,
  hasQuotedMsg: false,
  duration: undefined,
  location: undefined,
  vCards: [],
  inviteV4: undefined,
  mentionedIds: [],
  orderId: undefined,
  token: undefined,
  isGif: false,
  isEphemeral: false,
  links: []
}
[handleMsg]:  Message {
  _data: {
    id: {
      fromMe: false,
      remote: '573184641571@c.us',
      id: '57817189FCFA9137861BEB03E5ECE1AA',
      _serialized: 'false_573184641571@c.us_57817189FCFA9137861BEB03E5ECE1AA'
    },
    body: 'José Antonio Nájera Avendaño',
    type: 'chat',
    t: 1679523641,
    notifyName: 'Jose Najera',
    from: '573184641571@c.us',
    to: '573009443103@c.us',
    self: 'in',
    ack: 1,
    isNewMsg: true,
    star: false,
    kicNotified: false,
    recvFresh: true,
    isFromTemplate: false,
    pollInvalidated: false,
    isSentCagPollCreation: false,
    latestEditMsgKey: null,
    latestEditSenderTimestampMs: null,
    broadcast: false,
    mentionedJidList: [],
    groupMentions: [],
    isVcardOverMmsDocument: false,
    isForwarded: false,
    labels: [],
    hasReaction: false,
    productHeaderImageRejected: false,
    lastPlaybackProgress: 0,
    isDynamicReplyButtonsMsg: false,
    isMdHistoryMsg: false,
    stickerSentTs: 0,
    isAvatar: false,
    requiresDirectConnection: false,
    isEphemeral: false,
    isStatusV3: false,
    links: []
  },
  mediaKey: undefined,
  id: {
    fromMe: false,
    remote: '573184641571@c.us',
    id: '57817189FCFA9137861BEB03E5ECE1AA',
    _serialized: 'false_573184641571@c.us_57817189FCFA9137861BEB03E5ECE1AA'
  },
  ack: 1,
  hasMedia: false,
  body: 'José Antonio Nájera Avendaño',
  type: 'chat',
  timestamp: 1679523641,
  from: '573184641571',
  to: '573009443103@c.us',
  author: undefined,
  deviceType: 'android',
  isForwarded: false,
  forwardingScore: 0,
  isStatus: false,
  isStarred: false,
  broadcast: false,
  fromMe: false,
  hasQuotedMsg: false,
  duration: undefined,
  location: undefined,
  vCards: [],
  inviteV4: undefined,
  mentionedIds: [],
  orderId: undefined,
  token: undefined,
  isGif: false,
  isEphemeral: false,
  links: []
}
[handleMsg]:  Message {
  _data: {
    id: {
      fromMe: false,
      remote: '573184641571@c.us',
      id: 'BCC1FA97503FEEDA2976C4C3E06A30E1',
      _serialized: 'false_573184641571@c.us_BCC1FA97503FEEDA2976C4C3E06A30E1'
    },
    body: 'Algo',
    type: 'chat',
    t: 1679523660,
    notifyName: 'Jose Najera',
    from: '573184641571@c.us',
    to: '573009443103@c.us',
    self: 'in',
    ack: 1,
    isNewMsg: true,
    star: false,
    kicNotified: false,
    recvFresh: true,
    isFromTemplate: false,
    pollInvalidated: false,
    isSentCagPollCreation: false,
    latestEditMsgKey: null,
    latestEditSenderTimestampMs: null,
    broadcast: false,
    mentionedJidList: [],
    groupMentions: [],
    isVcardOverMmsDocument: false,
    isForwarded: false,
    labels: [],
    hasReaction: false,
    productHeaderImageRejected: false,
    lastPlaybackProgress: 0,
    isDynamicReplyButtonsMsg: false,
    isMdHistoryMsg: false,
    stickerSentTs: 0,
    isAvatar: false,
    requiresDirectConnection: false,
    isEphemeral: false,
    isStatusV3: false,
    links: []
  },
  mediaKey: undefined,
  id: {
    fromMe: false,
    remote: '573184641571@c.us',
    id: 'BCC1FA97503FEEDA2976C4C3E06A30E1',
    _serialized: 'false_573184641571@c.us_BCC1FA97503FEEDA2976C4C3E06A30E1'
  },
  ack: 1,
  hasMedia: false,
  body: 'Algo',
  type: 'chat',
  timestamp: 1679523660,
  from: '573184641571',
  to: '573009443103@c.us',
  author: undefined,
  deviceType: 'android',
  isForwarded: false,
  forwardingScore: 0,
  isStatus: false,
  isStarred: false,
  broadcast: false,
  fromMe: false,
  hasQuotedMsg: false,
  duration: undefined,
  location: undefined,
  vCards: [],
  inviteV4: undefined,
  mentionedIds: [],
  orderId: undefined,
  token: undefined,
  isGif: false,
  isEphemeral: false,
  links: []
}
[handleMsg]:  Message {
  _data: {
    id: {
      fromMe: false,
      remote: '573184641571@c.us',
      id: '65013F3EDEBE1CF6F2AFC58FAB06AF8E',
      _serialized: 'false_573184641571@c.us_65013F3EDEBE1CF6F2AFC58FAB06AF8E'
    },
    body: '❌ Cancelar solicitud',
    type: 'buttons_response',
    t: 1679523747,
    notifyName: 'Jose Najera',
    from: '573184641571@c.us',
    to: '573009443103@c.us',
    self: 'in',
    ack: 1,
    isNewMsg: true,
    star: false,
    kicNotified: false,
    recvFresh: true,
    isFromTemplate: false,
    pollInvalidated: false,
    isSentCagPollCreation: false,
    latestEditMsgKey: null,
    latestEditSenderTimestampMs: null,
    broadcast: false,
    quotedMsg: {
      type: 'chat',
      body: 'Para agendar una cita necesito unos datos...\n' +
        'Escriba su *Nombre completo*',
      headerType: 1,
      caption: 'Para agendar una cita necesito unos datos...\n' +
        'Escriba su *Nombre completo*',
      footer: '',
      isDynamicReplyButtonsMsg: true,
      dynamicReplyButtons: [Array]
    },
    quotedStanzaID: 'BAE5E5A870A594E2',
    quotedParticipant: '573009443103@c.us',
    mentionedJidList: [],
    groupMentions: [],
    isVcardOverMmsDocument: false,
    labels: [],
    hasReaction: false,
    productHeaderImageRejected: false,
    lastPlaybackProgress: 0,
    isDynamicReplyButtonsMsg: false,
    selectedButtonId: 'id-btn-0',
    isMdHistoryMsg: false,
    stickerSentTs: 0,
    isAvatar: false,
    requiresDirectConnection: false,
    isEphemeral: false,
    isStatusV3: false,
    links: []
  },
  mediaKey: undefined,
  id: {
    fromMe: false,
    remote: '573184641571@c.us',
    id: '65013F3EDEBE1CF6F2AFC58FAB06AF8E',
    _serialized: 'false_573184641571@c.us_65013F3EDEBE1CF6F2AFC58FAB06AF8E'
  },
  ack: 1,
  hasMedia: false,
  body: '❌ Cancelar solicitud',
  type: 'buttons_response',
  timestamp: 1679523747,
  from: '573184641571',
  to: '573009443103@c.us',
  author: undefined,
  deviceType: 'android',
  isForwarded: undefined,
  forwardingScore: 0,
  isStatus: false,
  isStarred: false,
  broadcast: false,
  fromMe: false,
  hasQuotedMsg: true,
  duration: undefined,
  location: undefined,
  vCards: [],
  inviteV4: undefined,
  mentionedIds: [],
  orderId: undefined,
  token: undefined,
  isGif: false,
  isEphemeral: false,
  links: [],
  selectedButtonId: 'id-btn-0'
}
